<?xml version="1.0" encoding="UTF-8"?>
<!-- Generated by org.testng.reporters.JUnitReportReporter -->
<testsuite skipped="0" hostname="admin-PC" name="com.wallethub.automation.PostReviewTest" tests="1" failures="0" timestamp="07 Oct 2018 07:54:57 GMT" time="37.551" errors="0">
  <testcase name="postReview" time="37.551" classname="com.wallethub.automation.PostReviewTest"/>
</testsuite> <!-- com.wallethub.automation.PostReviewTest -->
